#TYPE System.Diagnostics.Eventing.Reader.EventLogRecord
"Message","Id","Version","Qualifiers","Level","Task","Opcode","Keywords","RecordId","ProviderName","ProviderId","LogName","ProcessId","ThreadId","MachineName","UserId","TimeCreated","ActivityId","RelatedActivityId","ContainerLog","MatchedQueryIds","Bookmark","LevelDisplayName","OpcodeDisplayName","TaskDisplayName","KeywordsDisplayNames","Properties"
"The start type of the Background Intelligent Transfer Service service was changed from auto start to demand start.","7040","0","16384","4","0","0","-9187343239835811840","126455","Service Control Manager","555908d1-a6d7-4695-8e1e-26931d2012f4","System","1520","43624","TheAxe","S-1-5-18","3/25/2026 10:08:07 AM",,,"System","System.UInt32[]","System.Diagnostics.Eventing.Reader.EventBookmark","Information",,,"System.Collections.ObjectModel.ReadOnlyCollection`1[System.String]","System.Collections.Generic.List`1[System.Diagnostics.Eventing.Reader.EventProperty]"
"The start type of the Background Intelligent Transfer Service service was changed from demand start to auto start.","7040","0","16384","4","0","0","-9187343239835811840","126454","Service Control Manager","555908d1-a6d7-4695-8e1e-26931d2012f4","System","1520","43624","TheAxe","S-1-5-18","3/25/2026 10:05:57 AM",,,"System","System.UInt32[]","System.Diagnostics.Eventing.Reader.EventBookmark","Information",,,"System.Collections.ObjectModel.ReadOnlyCollection`1[System.String]","System.Collections.Generic.List`1[System.Diagnostics.Eventing.Reader.EventProperty]"
"The start type of the Background Intelligent Transfer Service service was changed from auto start to demand start.","7040","0","16384","4","0","0","-9187343239835811840","126453","Service Control Manager","555908d1-a6d7-4695-8e1e-26931d2012f4","System","1520","13752","TheAxe","S-1-5-18","3/25/2026 9:42:50 AM",,,"System","System.UInt32[]","System.Diagnostics.Eventing.Reader.EventBookmark","Information",,,"System.Collections.ObjectModel.ReadOnlyCollection`1[System.String]","System.Collections.Generic.List`1[System.Diagnostics.Eventing.Reader.EventProperty]"
"The start type of the Background Intelligent Transfer Service service was changed from demand start to auto start.","7040","0","16384","4","0","0","-9187343239835811840","126452","Service Control Manager","555908d1-a6d7-4695-8e1e-26931d2012f4","System","1520","13752","TheAxe","S-1-5-18","3/25/2026 9:40:45 AM",,,"System","System.UInt32[]","System.Diagnostics.Eventing.Reader.EventBookmark","Information",,,"System.Collections.ObjectModel.ReadOnlyCollection`1[System.String]","System.Collections.Generic.List`1[System.Diagnostics.Eventing.Reader.EventProperty]"
"The system time has changed to ?2026?-?03?-?25T10:37:21.378492200Z from ?2026?-?03?-?25T10:37:21.378086000Z.
Time Delta: 0 ms

Change Reason: An application or system component changed the time.
Process: '\Device\HarddiskVolume3\Windows\System32\svchost.exe' (PID 22980).

RTC time: ?2026?-?03?-?25T05:37:21.378492200Z
Current time zone bias: 300
RTC time is in UTC: false
System time was based on RTC time: false","1","4",,"4","5","0","-9223372036854775792","126451","Microsoft-Windows-Kernel-General","a68ca8b7-004f-d7b6-a698-07e2de0f1f5d","System","22980","22860","TheAxe","S-1-5-19","3/25/2026 5:37:21 AM",,,"System","System.UInt32[]","System.Diagnostics.Eventing.Reader.EventBookmark","Information","Info",,"System.Collections.ObjectModel.ReadOnlyCollection`1[System.String]","System.Collections.Generic.List`1[System.Diagnostics.Eventing.Reader.EventProperty]"
"The time zone information was refreshed with exit reason 0. Current time zone bias is 300.","24","0",,"4","11","0","-9223372036854775792","126450","Microsoft-Windows-Kernel-General","a68ca8b7-004f-d7b6-a698-07e2de0f1f5d","System","22980","22860","TheAxe","S-1-5-19","3/25/2026 5:37:21 AM",,,"System","System.UInt32[]","System.Diagnostics.Eventing.Reader.EventBookmark","Information","Info",,"System.Collections.ObjectModel.ReadOnlyCollection`1[System.String]","System.Collections.Generic.List`1[System.Diagnostics.Eventing.Reader.EventProperty]"
"The system time has changed to ?2026?-?03?-?25T10:37:21.378086000Z from ?2026?-?03?-?25T10:37:22.464153000Z.
Time Delta: -1086 ms

Change Reason: An application or system component changed the time.
Process: '\Device\HarddiskVolume3\Windows\System32\svchost.exe' (PID 22980).

RTC time: ?2026?-?03?-?25T05:37:21.378086000Z
Current time zone bias: 300
RTC time is in UTC: false
System time was based on RTC time: false","1","4",,"4","5","0","-9223372036854775792","126449","Microsoft-Windows-Kernel-General","a68ca8b7-004f-d7b6-a698-07e2de0f1f5d","System","22980","22860","TheAxe","S-1-5-19","3/25/2026 5:37:21 AM",,,"System","System.UInt32[]","System.Diagnostics.Eventing.Reader.EventBookmark","Information","Info",,"System.Collections.ObjectModel.ReadOnlyCollection`1[System.String]","System.Collections.Generic.List`1[System.Diagnostics.Eventing.Reader.EventProperty]"
"The time zone information was refreshed with exit reason 0. Current time zone bias is 300.","24","0",,"4","11","0","-9223372036854775792","126448","Microsoft-Windows-Kernel-General","a68ca8b7-004f-d7b6-a698-07e2de0f1f5d","System","22980","22860","TheAxe","S-1-5-19","3/25/2026 5:37:21 AM",,,"System","System.UInt32[]","System.Diagnostics.Eventing.Reader.EventBookmark","Information","Info",,"System.Collections.ObjectModel.ReadOnlyCollection`1[System.String]","System.Collections.Generic.List`1[System.Diagnostics.Eventing.Reader.EventProperty]"
"The start type of the Background Intelligent Transfer Service service was changed from auto start to demand start.","7040","0","16384","4","0","0","-9187343239835811840","126447","Service Control Manager","555908d1-a6d7-4695-8e1e-26931d2012f4","System","1520","28972","TheAxe","S-1-5-18","3/25/2026 4:50:09 AM",,,"System","System.UInt32[]","System.Diagnostics.Eventing.Reader.EventBookmark","Information",,,"System.Collections.ObjectModel.ReadOnlyCollection`1[System.String]","System.Collections.Generic.List`1[System.Diagnostics.Eventing.Reader.EventProperty]"
"The start type of the Background Intelligent Transfer Service service was changed from demand start to auto start.","7040","0","16384","4","0","0","-9187343239835811840","126446","Service Control Manager","555908d1-a6d7-4695-8e1e-26931d2012f4","System","1520","28972","TheAxe","S-1-5-18","3/25/2026 4:48:04 AM",,,"System","System.UInt32[]","System.Diagnostics.Eventing.Reader.EventBookmark","Information",,,"System.Collections.ObjectModel.ReadOnlyCollection`1[System.String]","System.Collections.Generic.List`1[System.Diagnostics.Eventing.Reader.EventProperty]"
"Installation Successful: Windows successfully installed the following update: Security Intelligence Update for Microsoft Defender Antivirus - KB2267602 (Version 1.445.745.0) - Current Channel (Broad)","19","1",,"4","1","13","-9223372036854775784","126445","Microsoft-Windows-WindowsUpdateClient","945a8954-c147-4acd-923f-40c45405a658","System","22664","26444","TheAxe","S-1-5-18","3/25/2026 3:28:39 AM",,,"System","System.UInt32[]","System.Diagnostics.Eventing.Reader.EventBookmark","Information","Installation","Windows Update Agent","System.Collections.ObjectModel.ReadOnlyCollection`1[System.String]","System.Collections.Generic.List`1[System.Diagnostics.Eventing.Reader.EventProperty]"
"Installation Started: Windows has started installing the following update: Security Intelligence Update for Microsoft Defender Antivirus - KB2267602 (Version 1.445.745.0) - Current Channel (Broad)","43","1",,"4","1","13","-9223372036854767608","126444","Microsoft-Windows-WindowsUpdateClient","945a8954-c147-4acd-923f-40c45405a658","System","22664","26444","TheAxe","S-1-5-18","3/25/2026 3:28:34 AM",,,"System","System.UInt32[]","System.Diagnostics.Eventing.Reader.EventBookmark","Information","Installation","Windows Update Agent","System.Collections.ObjectModel.ReadOnlyCollection`1[System.String]","System.Collections.Generic.List`1[System.Diagnostics.Eventing.Reader.EventProperty]"
"Windows Update started downloading an update.","44","1",,"4","1","12","-9223372036854767612","126443","Microsoft-Windows-WindowsUpdateClient","945a8954-c147-4acd-923f-40c45405a658","System","22664","26444","TheAxe","S-1-5-18","3/25/2026 3:28:34 AM",,,"System","System.UInt32[]","System.Diagnostics.Eventing.Reader.EventBookmark","Information","Installation","Windows Update Agent","System.Collections.ObjectModel.ReadOnlyCollection`1[System.String]","System.Collections.Generic.List`1[System.Diagnostics.Eventing.Reader.EventProperty]"
"The application-specific permission settings do not grant Local Activation permission for the COM Server application with CLSID 
{2593F8B9-4EAF-457C-B68A-50F6B8EA6B54}
 and APPID 
{15C20B67-12E7-4BB6-92BB-7AFF07997402}
 to the user TheAxe\colsu SID (S-1-5-21-1786950105-1647306398-2571076903-1001) from address LocalHost (Using LRPC) running in the application container Unavailable SID (Unavailable). This security permission can be modified using the Component Services administrative tool.","10016","0","0","3","0","0","-9187343239835811840","126442","Microsoft-Windows-DistributedCOM","1b562e86-b7aa-4131-badc-b6f3a001407e","System","1872","15072","TheAxe","S-1-5-21-1786950105-1647306398-2571076903-1001","3/24/2026 11:09:00 PM","019bca71-ba2d-0001-62d3-6e022dbadc01",,"System","System.UInt32[]","System.Diagnostics.Eventing.Reader.EventBookmark","Warning","Info",,"System.Collections.ObjectModel.ReadOnlyCollection`1[System.String]","System.Collections.Generic.List`1[System.Diagnostics.Eventing.Reader.EventProperty]"
"The Steam Client Service service failed to start due to the following error: 
The service did not respond to the start or control request in a timely fashion.","7000","0","49152","2","0","0","-9187343239835811840","126441","Service Control Manager","555908d1-a6d7-4695-8e1e-26931d2012f4","System","1520","21360","TheAxe",,"3/24/2026 11:08:53 PM",,,"System","System.UInt32[]","System.Diagnostics.Eventing.Reader.EventBookmark","Error",,,"System.Collections.ObjectModel.ReadOnlyCollection`1[System.String]","System.Collections.Generic.List`1[System.Diagnostics.Eventing.Reader.EventProperty]"
"A timeout was reached (30000 milliseconds) while waiting for the Steam Client Service service to connect.","7009","0","49152","2","0","0","-9187343239835811840","126440","Service Control Manager","555908d1-a6d7-4695-8e1e-26931d2012f4","System","1520","21360","TheAxe",,"3/24/2026 11:08:53 PM",,,"System","System.UInt32[]","System.Diagnostics.Eventing.Reader.EventBookmark","Error",,,"System.Collections.ObjectModel.ReadOnlyCollection`1[System.String]","System.Collections.Generic.List`1[System.Diagnostics.Eventing.Reader.EventProperty]"
"File System Filter 'EasyAntiCheat_EOSSys' (Version 10.0, ?2026?-?03?-?23T10:58:08.000000000Z) unloaded successfully.","1","0",,"4","0","0","-9223372036854775808","126439","Microsoft-Windows-FilterManager","f3c5e28e-63f6-49c7-a204-e48a1bc4b09d","System","4","36572","TheAxe","S-1-5-18","3/24/2026 11:08:22 PM",,,"System","System.UInt32[]","System.Diagnostics.Eventing.Reader.EventBookmark","Information","Info",,"System.Collections.ObjectModel.ReadOnlyCollection`1[System.String]","System.Collections.Generic.List`1[System.Diagnostics.Eventing.Reader.EventProperty]"
"File System Filter 'EasyAntiCheat_EOSSys' (10.0, ?2026?-?03?-?23T10:58:08.000000000Z) has successfully loaded and registered with Filter Manager.","6","0",,"4","0","0","-9223372036854775808","126438","Microsoft-Windows-FilterManager","f3c5e28e-63f6-49c7-a204-e48a1bc4b09d","System","4","32228","TheAxe","S-1-5-18","3/24/2026 11:00:38 PM",,,"System","System.UInt32[]","System.Diagnostics.Eventing.Reader.EventBookmark","Information","Info",,"System.Collections.ObjectModel.ReadOnlyCollection`1[System.String]","System.Collections.Generic.List`1[System.Diagnostics.Eventing.Reader.EventProperty]"
"A service was installed in the system.

Service Name:  EasyAntiCheat_EOSSys
Service File Name:  C:\Program Files (x86)\EasyAntiCheat_EOS\EasyAntiCheat_EOS.sys
Service Type:  kernel mode driver
Service Start Type:  demand start
Service Account:  ","7045","0","16384","4","0","0","-9187343239835811840","126437","Service Control Manager","555908d1-a6d7-4695-8e1e-26931d2012f4","System","1520","15236","TheAxe","S-1-5-18","3/24/2026 11:00:37 PM",,,"System","System.UInt32[]","System.Diagnostics.Eventing.Reader.EventBookmark","Information",,,"System.Collections.ObjectModel.ReadOnlyCollection`1[System.String]","System.Collections.Generic.List`1[System.Diagnostics.Eventing.Reader.EventProperty]"
"The start type of the Background Intelligent Transfer Service service was changed from auto start to demand start.","7040","0","16384","4","0","0","-9187343239835811840","126436","Service Control Manager","555908d1-a6d7-4695-8e1e-26931d2012f4","System","1520","29832","TheAxe","S-1-5-18","3/24/2026 9:50:09 PM",,,"System","System.UInt32[]","System.Diagnostics.Eventing.Reader.EventBookmark","Information",,,"System.Collections.ObjectModel.ReadOnlyCollection`1[System.String]","System.Collections.Generic.List`1[System.Diagnostics.Eventing.Reader.EventProperty]"
